export SRT_ROOT_INCLUDE_PATH_SCRAMRTDEL="/cvmfs/cms.cern.ch/slc6_amd64_gcc630/cms/cmssw/CMSSW_9_4_1/src:/cvmfs/cms.cern.ch/slc6_amd64_gcc630/cms/coral/CORAL_2_3_21-fmblme4/include/LCG:/cvmfs/cms.cern.ch/slc6_amd64_gcc630/external/mctester/1.25.0a-fmblme3/include:/cvmfs/cms.cern.ch/slc6_amd64_gcc630/lcg/root/6.10.08/include:/cvmfs/cms.cern.ch/slc6_amd64_gcc630/external/qt/4.8.7/include/QtDesigner:/cvmfs/cms.cern.ch/slc6_amd64_gcc630/external/tauolapp/1.1.5-fmblme2/include:/cvmfs/cms.cern.ch/slc6_amd64_gcc630/external/charybdis/1.003-fmblme/include:/cvmfs/cms.cern.ch/slc6_amd64_gcc630/external/thepeg/1.9.2p1-fmblme/include:/cvmfs/cms.cern.ch/slc6_amd64_gcc630/external/sherpa/2.2.4-fmblme2/include/SHERPA-MC:/cvmfs/cms.cern.ch/slc6_amd64_gcc630/external/qt/4.8.7/include/QtOpenGL:/cvmfs/cms.cern.ch/slc6_amd64_gcc630/external/qt/4.8.7/include/QtGui:/cvmfs/cms.cern.ch/slc6_amd64_gcc630/external/pythia8/230/include:/cvmfs/cms.cern.ch/slc6_amd64_gcc630/external/herwig/6.521-fmblme/include:/cvmfs/cms.cern.ch/slc6_amd64_gcc630/external/rivet/2.5.4/include:/cvmfs/cms.cern.ch/slc6_amd64_gcc630/external/qt/4.8.7/include/Qt3Support:/cvmfs/cms.cern.ch/slc6_amd64_gcc630/external/lwtnn/1.0-fmblme2/include:/cvmfs/cms.cern.ch/slc6_amd64_gcc630/external/classlib/3.1.3-oenich/include:/cvmfs/cms.cern.ch/slc6_amd64_gcc630/external/lhapdf/6.2.1-fmblme/include:/cvmfs/cms.cern.ch/slc6_amd64_gcc630/external/cgal/4.2-fmblme/include:/cvmfs/cms.cern.ch/slc6_amd64_gcc630/external/tkonlinesw/4.1.0-1-fmblme3/include:/cvmfs/cms.cern.ch/slc6_amd64_gcc630/external/starlight/r193-fmblme/include:/cvmfs/cms.cern.ch/slc6_amd64_gcc630/external/qt/4.8.7/include:/cvmfs/cms.cern.ch/slc6_amd64_gcc630/external/qt/4.8.7/include/Qt:/cvmfs/cms.cern.ch/slc6_amd64_gcc630/external/qt/4.8.7/include/QtCore:/cvmfs/cms.cern.ch/slc6_amd64_gcc630/external/qt/4.8.7/include/QtXml:/cvmfs/cms.cern.ch/slc6_amd64_gcc630/external/mcdb/1.0.3/interface:/cvmfs/cms.cern.ch/slc6_amd64_gcc630/external/libungif/4.1.4/include:/cvmfs/cms.cern.ch/slc6_amd64_gcc630/external/libtiff/4.0.3-oenich/include:/cvmfs/cms.cern.ch/slc6_amd64_gcc630/external/libpng/1.6.16-oenich/include:/cvmfs/cms.cern.ch/slc6_amd64_gcc630/external/geant4/10.02.p02-fmblme3/include/Geant4:/cvmfs/cms.cern.ch/slc6_amd64_gcc630/external/frontier_client/2.8.20-fmblme/include:/cvmfs/cms.cern.ch/slc6_amd64_gcc630/external/pcre/8.37-oenich/include:/cvmfs/cms.cern.ch/slc6_amd64_gcc630/external/boost/1.63.0-fmblme/include:/cvmfs/cms.cern.ch/slc6_amd64_gcc630/external/xrootd/4.6.1-fmblme/include/xrootd/private:/cvmfs/cms.cern.ch/slc6_amd64_gcc630/cms/vdt/0.3.9/include:/cvmfs/cms.cern.ch/slc6_amd64_gcc630/external/valgrind/3.12.0-oenich/include:/cvmfs/cms.cern.ch/slc6_amd64_gcc630/external/utm/utm_0.6.5-fmblme/include:/cvmfs/cms.cern.ch/slc6_amd64_gcc630/external/toprex/4.23/include:/cvmfs/cms.cern.ch/slc6_amd64_gcc630/external/tbb/2018/include:/cvmfs/cms.cern.ch/slc6_amd64_gcc630/external/tauola/27.121.5/include:/cvmfs/cms.cern.ch/slc6_amd64_gcc630/external/sigcpp/2.6.2-oenich/include/sigc++-2.0:/cvmfs/cms.cern.ch/slc6_amd64_gcc630/external/sqlite/3.16.2/include:/cvmfs/cms.cern.ch/slc6_amd64_gcc630/external/protobuf/3.4.0-fmblme/include:/cvmfs/cms.cern.ch/slc6_amd64_gcc630/external/pacparser/1.3.5/include:/cvmfs/cms.cern.ch/slc6_amd64_gcc630/external/oracle/12.1.0.2.0/include:/cvmfs/cms.cern.ch/slc6_amd64_gcc630/external/meschach/1.2.pCMS1/include:/cvmfs/cms.cern.ch/slc6_amd64_gcc630/external/madgraph5amcatnlo/2.4.3-fmblme3:/cvmfs/cms.cern.ch/slc6_amd64_gcc630/external/libhepml/0.2.1/interface:/cvmfs/cms.cern.ch/slc6_amd64_gcc630/external/ktjet/1.06-fmblme/include:/cvmfs/cms.cern.ch/slc6_amd64_gcc630/external/jimmy/4.2-fmblme/include:/cvmfs/cms.cern.ch/slc6_amd64_gcc630/external/jemalloc/4.5.0/include:/cvmfs/cms.cern.ch/slc6_amd64_gcc630/external/xz/5.2.2-oenich/include:/cvmfs/cms.cern.ch/slc6_amd64_gcc630/external/heppdt/3.03.00-fmblme2/include:/cvmfs/cms.cern.ch/slc6_amd64_gcc630/external/hector/1.3.4_patch1-fmblme3/include:/cvmfs/cms.cern.ch/slc6_amd64_gcc630/external/gsl/2.2.1/include:/cvmfs/cms.cern.ch/slc6_amd64_gcc630/external/libjpeg-turbo/1.3.1/include:/cvmfs/cms.cern.ch/slc6_amd64_gcc630/external/giflib/4.2.3-oenich/include:/cvmfs/cms.cern.ch/slc6_amd64_gcc630/external/xerces-c/3.1.3/include:/cvmfs/cms.cern.ch/slc6_amd64_gcc630/external/gdbm/1.10/include:/cvmfs/cms.cern.ch/slc6_amd64_gcc630/external/freetype/2.5.3-oenich/include:/cvmfs/cms.cern.ch/slc6_amd64_gcc630/external/fftw3/3.3.2/include:/cvmfs/cms.cern.ch/slc6_amd64_gcc630/external/fftjet/1.5.0/include:/cvmfs/cms.cern.ch/slc6_amd64_gcc630/external/fastjet/3.1.0/include:/cvmfs/cms.cern.ch/slc6_amd64_gcc630/external/expat/2.1.0/include:/cvmfs/cms.cern.ch/slc6_amd64_gcc630/external/hepmc/2.06.07-oenich/include:/cvmfs/cms.cern.ch/slc6_amd64_gcc630/external/dpm/1.8.0.1/include:/cvmfs/cms.cern.ch/slc6_amd64_gcc630/external/dcap/2.47.8-oenich/include:/cvmfs/cms.cern.ch/slc6_amd64_gcc630/external/libxml2/2.9.1-oenich/include/libxml2:/cvmfs/cms.cern.ch/slc6_amd64_gcc630/external/curl/7.52.1/include:/cvmfs/cms.cern.ch/slc6_amd64_gcc630/external/cppunit/1.12.1/include:/cvmfs/cms.cern.ch/slc6_amd64_gcc630/external/clhep/2.3.4.2-fmblme/include:/cvmfs/cms.cern.ch/slc6_amd64_gcc630/external/openssl/1.0.2d/include:/cvmfs/cms.cern.ch/slc6_amd64_gcc630/external/pythia6/426/include:/cvmfs/cms.cern.ch/slc6_amd64_gcc630/external/photos/215.5/include:/cvmfs/cms.cern.ch/slc6_amd64_gcc630/external/zlib-x86_64/1.2.11/include:/cvmfs/cms.cern.ch/slc6_amd64_gcc630/external/libuuid/2.22.2/include:/cvmfs/cms.cern.ch/slc6_amd64_gcc630/external/castor/2.1.13.9/include:/cvmfs/cms.cern.ch/slc6_amd64_gcc630/external/castor/2.1.13.9/include/shift:/cvmfs/cms.cern.ch/slc6_amd64_gcc630/external/cascade/2.2.04-fmblme/include:/cvmfs/cms.cern.ch/slc6_amd64_gcc630/external/bz2lib/1.0.6/include:/cvmfs/cms.cern.ch/slc6_amd64_gcc630/external/python/2.7.11-fmblme/include/python2.7:/cvmfs/cms.cern.ch/slc6_amd64_gcc630/external/ittnotify/16.06.18-fmblme/include:/cvmfs/cms.cern.ch/slc6_amd64_gcc630/external/gcc/6.3.0/include/c++/6.3.0:/cvmfs/cms.cern.ch/slc6_amd64_gcc630/external/gcc/6.3.0/include/c++/6.3.0/x86_64-unknown-linux-gnu:/cvmfs/cms.cern.ch/slc6_amd64_gcc630/external/gcc/6.3.0/include/c++/6.3.0/backward:/usr/local/include:/usr/include";
export SRT_CMSSW_SEARCH_PATH_SCRAMRTDEL="/cvmfs/cms.cern.ch/slc6_amd64_gcc630/cms/cmssw/CMSSW_9_4_1/src:/cvmfs/cms.cern.ch/slc6_amd64_gcc630/cms/cmssw/CMSSW_9_4_1/external/slc6_amd64_gcc630/data";
export SRT_PATH_SCRAMRT="/cvmfs/cms.cern.ch/share/overrides/bin:/cvmfs/cms.cern.ch/slc6_amd64_gcc630/cms/cmssw/CMSSW_9_4_1/bin/slc6_amd64_gcc630:/cvmfs/cms.cern.ch/slc6_amd64_gcc630/cms/cmssw/CMSSW_9_4_1/external/slc6_amd64_gcc630/bin:/cvmfs/cms.cern.ch/slc6_amd64_gcc630/external/llvm/4.0.1/bin:/cvmfs/cms.cern.ch/slc6_amd64_gcc630/external/gcc/6.3.0/bin";
export SRT_RIVET_ANALYSIS_PATH_SCRAMRTDEL="/cvmfs/cms.cern.ch/slc6_amd64_gcc630/cms/cmssw/CMSSW_9_4_1/lib/slc6_amd64_gcc630:/cvmfs/cms.cern.ch/slc6_amd64_gcc630/external/rivet/2.5.4/lib";
export SRT_PYTHONPATH_SCRAMRTDEL="/cvmfs/cms.cern.ch/slc6_amd64_gcc630/cms/cmssw/CMSSW_9_4_1/python:/cvmfs/cms.cern.ch/slc6_amd64_gcc630/cms/cmssw/CMSSW_9_4_1/lib/slc6_amd64_gcc630:/cvmfs/cms.cern.ch/slc6_amd64_gcc630/cms/coral/CORAL_2_3_21-fmblme4/slc6_amd64_gcc630/python:/cvmfs/cms.cern.ch/slc6_amd64_gcc630/cms/coral/CORAL_2_3_21-fmblme4/slc6_amd64_gcc630/lib:/cvmfs/cms.cern.ch/slc6_amd64_gcc630/external/professor2/2.2.1-fmblme4/lib/python2.7/site-packages:/cvmfs/cms.cern.ch/slc6_amd64_gcc630/external/pyqt/4.11.4-fmblme/lib/python2.7/site-packages:/cvmfs/cms.cern.ch/slc6_amd64_gcc630/external/sherpa/2.2.4-fmblme2/lib/python2.7/site-packages:/cvmfs/cms.cern.ch/slc6_amd64_gcc630/external/rivet/2.5.4/lib/python2.7/site-packages:/cvmfs/cms.cern.ch/slc6_amd64_gcc630/external/python-ldap/2.4.10-fmblme/lib/python2.7/site-packages:/cvmfs/cms.cern.ch/slc6_amd64_gcc630/external/py2-matplotlib/1.5.2-fmblme/lib/python2.7/site-packages:/cvmfs/cms.cern.ch/slc6_amd64_gcc630/external/sip/4.17-fmblme/lib/python2.7/site-packages:/cvmfs/cms.cern.ch/slc6_amd64_gcc630/external/llvm/4.0.1/lib64/python2.7/site-packages:/cvmfs/cms.cern.ch/slc6_amd64_gcc630/external/py2-sqlalchemy/1.1.4-fmblme/lib/python2.7/site-packages:/cvmfs/cms.cern.ch/slc6_amd64_gcc630/external/py2-lint/0.25.1-fmblme/lib/python2.7/site-packages:/cvmfs/cms.cern.ch/slc6_amd64_gcc630/external/py2-dxr/1.0-fmblme3/lib/python2.7/site-packages:/cvmfs/cms.cern.ch/slc6_amd64_gcc630/external/py2-cx-oracle/5.2.1-fmblme/lib/python2.7/site-packages:/cvmfs/cms.cern.ch/slc6_amd64_gcc630/external/py2-numpy/1.12.1-fmblme/lib/python2.7/site-packages:/cvmfs/cms.cern.ch/slc6_amd64_gcc630/external/frontier_client/2.8.20-fmblme/python/lib:/cvmfs/cms.cern.ch/slc6_amd64_gcc630/cms/das_client/v03.01.00-fmblme/bin:/cvmfs/cms.cern.ch/slc6_amd64_gcc630/external/xrootd/4.6.1-fmblme/lib/python2.7/site-packages:/cvmfs/cms.cern.ch/slc6_amd64_gcc630/external/yoda/1.6.7/lib/python2.7/site-packages:/cvmfs/cms.cern.ch/slc6_amd64_gcc630/lcg/root/6.10.08/lib:/cvmfs/cms.cern.ch/slc6_amd64_gcc630/external/pyminuit2/0.0.1-fmblme3/lib/python2.7/site-packages:/cvmfs/cms.cern.ch/slc6_amd64_gcc630/external/py2-PyYAML/3.11-fmblme/lib/python2.7/site-packages:/cvmfs/cms.cern.ch/slc6_amd64_gcc630/external/py2-pygithub/1.23.0-fmblme/lib/python2.7/site-packages:/cvmfs/cms.cern.ch/slc6_amd64_gcc630/external/py2-pip/9.0.1-fmblme/lib/python2.7/site-packages:/cvmfs/cms.cern.ch/slc6_amd64_gcc630/external/py2-dablooms/0.9.1-fmblme/lib/python2.7/site-packages:/cvmfs/cms.cern.ch/slc6_amd64_gcc630/external/py2-pippkgs_depscipy/3.0-fmblme3/lib/python2.7/site-packages:/cvmfs/cms.cern.ch/slc6_amd64_gcc630/external/py2-pippkgs/6.0-fmblme/lib/python2.7/site-packages:/cvmfs/cms.cern.ch/slc6_amd64_gcc630/external/professor/1.4.0-fmblme3/lib/python2.7/site-packages:/cvmfs/cms.cern.ch/slc6_amd64_gcc630/cms/dbs-client/DBS_2_1_9-fmblme/lib:/cvmfs/cms.cern.ch/slc6_amd64_gcc630/cms/dbs-client/DBS_2_1_9-fmblme/lib/DBSAPI:/cvmfs/cms.cern.ch/slc6_amd64_gcc630/external/cvs2git/5419-fmblme/lib";
export SRT_CMSSW_BASE_SCRAMRTDEL="/cvmfs/cms.cern.ch/slc6_amd64_gcc630/cms/cmssw/CMSSW_9_4_1";
export SRT_CMSSW_RELEASE_BASE_SCRAMRTDEL="";
export SRT_LOCALRT_SCRAMRTDEL="/cvmfs/cms.cern.ch/slc6_amd64_gcc630/cms/cmssw/CMSSW_9_4_1";
export SRT_LD_LIBRARY_PATH_SCRAMRTDEL="/cvmfs/cms.cern.ch/slc6_amd64_gcc630/cms/cmssw/CMSSW_9_4_1/biglib/slc6_amd64_gcc630:/cvmfs/cms.cern.ch/slc6_amd64_gcc630/cms/cmssw/CMSSW_9_4_1/lib/slc6_amd64_gcc630:/cvmfs/cms.cern.ch/slc6_amd64_gcc630/cms/cmssw/CMSSW_9_4_1/external/slc6_amd64_gcc630/lib:/cvmfs/cms.cern.ch/slc6_amd64_gcc630/external/llvm/4.0.1/lib64:/cvmfs/cms.cern.ch/slc6_amd64_gcc630/external/gcc/6.3.0/lib64:/cvmfs/cms.cern.ch/slc6_amd64_gcc630/external/gcc/6.3.0/lib";
export CMSSW_BASE="/cvmfs/cms.cern.ch/slc6_amd64_gcc630/cms/cmssw/CMSSW_9_4_1";
export LOCALRT="/cvmfs/cms.cern.ch/slc6_amd64_gcc630/cms/cmssw/CMSSW_9_4_1";
export CMSSW_RELEASE_BASE="";
export PATH="/cvmfs/cms.cern.ch/share/overrides/bin:/cvmfs/cms.cern.ch/slc6_amd64_gcc630/cms/cmssw/CMSSW_9_4_1/bin/slc6_amd64_gcc630:/cvmfs/cms.cern.ch/slc6_amd64_gcc630/cms/cmssw/CMSSW_9_4_1/external/slc6_amd64_gcc630/bin:/cvmfs/cms.cern.ch/slc6_amd64_gcc630/external/llvm/4.0.1/bin:/cvmfs/cms.cern.ch/slc6_amd64_gcc630/external/gcc/6.3.0/bin:/cvmfs/cms.cern.ch/common:/cvmfs/cms.cern.ch/bin:/cvmfs/cms.cern.ch/common:/cvmfs/cms.cern.ch/bin:/usr/local/bin/smb:/usr/lib64/qt-3.3/bin:/usr/local/etc:/usr/local/bin/hadoop:/usr/local/bin/afs:/usr/local/bin:/bin:/usr/bin:/usr/local/sbin:/usr/sbin:/sbin:/afs/hep.wisc.edu/home/varuns/bin";
export CMSSW_SEARCH_PATH="/cvmfs/cms.cern.ch/slc6_amd64_gcc630/cms/cmssw/CMSSW_9_4_1/src:/cvmfs/cms.cern.ch/slc6_amd64_gcc630/cms/cmssw/CMSSW_9_4_1/external/slc6_amd64_gcc630/data";
export RIVET_ANALYSIS_PATH="/cvmfs/cms.cern.ch/slc6_amd64_gcc630/cms/cmssw/CMSSW_9_4_1/lib/slc6_amd64_gcc630:/cvmfs/cms.cern.ch/slc6_amd64_gcc630/external/rivet/2.5.4/lib";
export LD_LIBRARY_PATH="/cvmfs/cms.cern.ch/slc6_amd64_gcc630/cms/cmssw/CMSSW_9_4_1/biglib/slc6_amd64_gcc630:/cvmfs/cms.cern.ch/slc6_amd64_gcc630/cms/cmssw/CMSSW_9_4_1/lib/slc6_amd64_gcc630:/cvmfs/cms.cern.ch/slc6_amd64_gcc630/cms/cmssw/CMSSW_9_4_1/external/slc6_amd64_gcc630/lib:/cvmfs/cms.cern.ch/slc6_amd64_gcc630/external/llvm/4.0.1/lib64:/cvmfs/cms.cern.ch/slc6_amd64_gcc630/external/gcc/6.3.0/lib64:/cvmfs/cms.cern.ch/slc6_amd64_gcc630/external/gcc/6.3.0/lib";
export ROOT_INCLUDE_PATH="/cvmfs/cms.cern.ch/slc6_amd64_gcc630/cms/cmssw/CMSSW_9_4_1/src:/cvmfs/cms.cern.ch/slc6_amd64_gcc630/cms/coral/CORAL_2_3_21-fmblme4/include/LCG:/cvmfs/cms.cern.ch/slc6_amd64_gcc630/external/mctester/1.25.0a-fmblme3/include:/cvmfs/cms.cern.ch/slc6_amd64_gcc630/lcg/root/6.10.08/include:/cvmfs/cms.cern.ch/slc6_amd64_gcc630/external/qt/4.8.7/include/QtDesigner:/cvmfs/cms.cern.ch/slc6_amd64_gcc630/external/tauolapp/1.1.5-fmblme2/include:/cvmfs/cms.cern.ch/slc6_amd64_gcc630/external/charybdis/1.003-fmblme/include:/cvmfs/cms.cern.ch/slc6_amd64_gcc630/external/thepeg/1.9.2p1-fmblme/include:/cvmfs/cms.cern.ch/slc6_amd64_gcc630/external/sherpa/2.2.4-fmblme2/include/SHERPA-MC:/cvmfs/cms.cern.ch/slc6_amd64_gcc630/external/qt/4.8.7/include/QtOpenGL:/cvmfs/cms.cern.ch/slc6_amd64_gcc630/external/qt/4.8.7/include/QtGui:/cvmfs/cms.cern.ch/slc6_amd64_gcc630/external/pythia8/230/include:/cvmfs/cms.cern.ch/slc6_amd64_gcc630/external/herwig/6.521-fmblme/include:/cvmfs/cms.cern.ch/slc6_amd64_gcc630/external/rivet/2.5.4/include:/cvmfs/cms.cern.ch/slc6_amd64_gcc630/external/qt/4.8.7/include/Qt3Support:/cvmfs/cms.cern.ch/slc6_amd64_gcc630/external/lwtnn/1.0-fmblme2/include:/cvmfs/cms.cern.ch/slc6_amd64_gcc630/external/classlib/3.1.3-oenich/include:/cvmfs/cms.cern.ch/slc6_amd64_gcc630/external/lhapdf/6.2.1-fmblme/include:/cvmfs/cms.cern.ch/slc6_amd64_gcc630/external/cgal/4.2-fmblme/include:/cvmfs/cms.cern.ch/slc6_amd64_gcc630/external/tkonlinesw/4.1.0-1-fmblme3/include:/cvmfs/cms.cern.ch/slc6_amd64_gcc630/external/starlight/r193-fmblme/include:/cvmfs/cms.cern.ch/slc6_amd64_gcc630/external/qt/4.8.7/include:/cvmfs/cms.cern.ch/slc6_amd64_gcc630/external/qt/4.8.7/include/Qt:/cvmfs/cms.cern.ch/slc6_amd64_gcc630/external/qt/4.8.7/include/QtCore:/cvmfs/cms.cern.ch/slc6_amd64_gcc630/external/qt/4.8.7/include/QtXml:/cvmfs/cms.cern.ch/slc6_amd64_gcc630/external/mcdb/1.0.3/interface:/cvmfs/cms.cern.ch/slc6_amd64_gcc630/external/libungif/4.1.4/include:/cvmfs/cms.cern.ch/slc6_amd64_gcc630/external/libtiff/4.0.3-oenich/include:/cvmfs/cms.cern.ch/slc6_amd64_gcc630/external/libpng/1.6.16-oenich/include:/cvmfs/cms.cern.ch/slc6_amd64_gcc630/external/geant4/10.02.p02-fmblme3/include/Geant4:/cvmfs/cms.cern.ch/slc6_amd64_gcc630/external/frontier_client/2.8.20-fmblme/include:/cvmfs/cms.cern.ch/slc6_amd64_gcc630/external/pcre/8.37-oenich/include:/cvmfs/cms.cern.ch/slc6_amd64_gcc630/external/boost/1.63.0-fmblme/include:/cvmfs/cms.cern.ch/slc6_amd64_gcc630/external/xrootd/4.6.1-fmblme/include/xrootd/private:/cvmfs/cms.cern.ch/slc6_amd64_gcc630/cms/vdt/0.3.9/include:/cvmfs/cms.cern.ch/slc6_amd64_gcc630/external/valgrind/3.12.0-oenich/include:/cvmfs/cms.cern.ch/slc6_amd64_gcc630/external/utm/utm_0.6.5-fmblme/include:/cvmfs/cms.cern.ch/slc6_amd64_gcc630/external/toprex/4.23/include:/cvmfs/cms.cern.ch/slc6_amd64_gcc630/external/tbb/2018/include:/cvmfs/cms.cern.ch/slc6_amd64_gcc630/external/tauola/27.121.5/include:/cvmfs/cms.cern.ch/slc6_amd64_gcc630/external/sigcpp/2.6.2-oenich/include/sigc++-2.0:/cvmfs/cms.cern.ch/slc6_amd64_gcc630/external/sqlite/3.16.2/include:/cvmfs/cms.cern.ch/slc6_amd64_gcc630/external/protobuf/3.4.0-fmblme/include:/cvmfs/cms.cern.ch/slc6_amd64_gcc630/external/pacparser/1.3.5/include:/cvmfs/cms.cern.ch/slc6_amd64_gcc630/external/oracle/12.1.0.2.0/include:/cvmfs/cms.cern.ch/slc6_amd64_gcc630/external/meschach/1.2.pCMS1/include:/cvmfs/cms.cern.ch/slc6_amd64_gcc630/external/madgraph5amcatnlo/2.4.3-fmblme3:/cvmfs/cms.cern.ch/slc6_amd64_gcc630/external/libhepml/0.2.1/interface:/cvmfs/cms.cern.ch/slc6_amd64_gcc630/external/ktjet/1.06-fmblme/include:/cvmfs/cms.cern.ch/slc6_amd64_gcc630/external/jimmy/4.2-fmblme/include:/cvmfs/cms.cern.ch/slc6_amd64_gcc630/external/jemalloc/4.5.0/include:/cvmfs/cms.cern.ch/slc6_amd64_gcc630/external/xz/5.2.2-oenich/include:/cvmfs/cms.cern.ch/slc6_amd64_gcc630/external/heppdt/3.03.00-fmblme2/include:/cvmfs/cms.cern.ch/slc6_amd64_gcc630/external/hector/1.3.4_patch1-fmblme3/include:/cvmfs/cms.cern.ch/slc6_amd64_gcc630/external/gsl/2.2.1/include:/cvmfs/cms.cern.ch/slc6_amd64_gcc630/external/libjpeg-turbo/1.3.1/include:/cvmfs/cms.cern.ch/slc6_amd64_gcc630/external/giflib/4.2.3-oenich/include:/cvmfs/cms.cern.ch/slc6_amd64_gcc630/external/xerces-c/3.1.3/include:/cvmfs/cms.cern.ch/slc6_amd64_gcc630/external/gdbm/1.10/include:/cvmfs/cms.cern.ch/slc6_amd64_gcc630/external/freetype/2.5.3-oenich/include:/cvmfs/cms.cern.ch/slc6_amd64_gcc630/external/fftw3/3.3.2/include:/cvmfs/cms.cern.ch/slc6_amd64_gcc630/external/fftjet/1.5.0/include:/cvmfs/cms.cern.ch/slc6_amd64_gcc630/external/fastjet/3.1.0/include:/cvmfs/cms.cern.ch/slc6_amd64_gcc630/external/expat/2.1.0/include:/cvmfs/cms.cern.ch/slc6_amd64_gcc630/external/hepmc/2.06.07-oenich/include:/cvmfs/cms.cern.ch/slc6_amd64_gcc630/external/dpm/1.8.0.1/include:/cvmfs/cms.cern.ch/slc6_amd64_gcc630/external/dcap/2.47.8-oenich/include:/cvmfs/cms.cern.ch/slc6_amd64_gcc630/external/libxml2/2.9.1-oenich/include/libxml2:/cvmfs/cms.cern.ch/slc6_amd64_gcc630/external/curl/7.52.1/include:/cvmfs/cms.cern.ch/slc6_amd64_gcc630/external/cppunit/1.12.1/include:/cvmfs/cms.cern.ch/slc6_amd64_gcc630/external/clhep/2.3.4.2-fmblme/include:/cvmfs/cms.cern.ch/slc6_amd64_gcc630/external/openssl/1.0.2d/include:/cvmfs/cms.cern.ch/slc6_amd64_gcc630/external/pythia6/426/include:/cvmfs/cms.cern.ch/slc6_amd64_gcc630/external/photos/215.5/include:/cvmfs/cms.cern.ch/slc6_amd64_gcc630/external/zlib-x86_64/1.2.11/include:/cvmfs/cms.cern.ch/slc6_amd64_gcc630/external/libuuid/2.22.2/include:/cvmfs/cms.cern.ch/slc6_amd64_gcc630/external/castor/2.1.13.9/include:/cvmfs/cms.cern.ch/slc6_amd64_gcc630/external/castor/2.1.13.9/include/shift:/cvmfs/cms.cern.ch/slc6_amd64_gcc630/external/cascade/2.2.04-fmblme/include:/cvmfs/cms.cern.ch/slc6_amd64_gcc630/external/bz2lib/1.0.6/include:/cvmfs/cms.cern.ch/slc6_amd64_gcc630/external/python/2.7.11-fmblme/include/python2.7:/cvmfs/cms.cern.ch/slc6_amd64_gcc630/external/ittnotify/16.06.18-fmblme/include:/cvmfs/cms.cern.ch/slc6_amd64_gcc630/external/gcc/6.3.0/include/c++/6.3.0:/cvmfs/cms.cern.ch/slc6_amd64_gcc630/external/gcc/6.3.0/include/c++/6.3.0/x86_64-unknown-linux-gnu:/cvmfs/cms.cern.ch/slc6_amd64_gcc630/external/gcc/6.3.0/include/c++/6.3.0/backward:/usr/local/include:/usr/include";
export PYTHONPATH="/cvmfs/cms.cern.ch/slc6_amd64_gcc630/cms/cmssw/CMSSW_9_4_1/python:/cvmfs/cms.cern.ch/slc6_amd64_gcc630/cms/cmssw/CMSSW_9_4_1/lib/slc6_amd64_gcc630:/cvmfs/cms.cern.ch/slc6_amd64_gcc630/cms/coral/CORAL_2_3_21-fmblme4/slc6_amd64_gcc630/python:/cvmfs/cms.cern.ch/slc6_amd64_gcc630/cms/coral/CORAL_2_3_21-fmblme4/slc6_amd64_gcc630/lib:/cvmfs/cms.cern.ch/slc6_amd64_gcc630/external/professor2/2.2.1-fmblme4/lib/python2.7/site-packages:/cvmfs/cms.cern.ch/slc6_amd64_gcc630/external/pyqt/4.11.4-fmblme/lib/python2.7/site-packages:/cvmfs/cms.cern.ch/slc6_amd64_gcc630/external/sherpa/2.2.4-fmblme2/lib/python2.7/site-packages:/cvmfs/cms.cern.ch/slc6_amd64_gcc630/external/rivet/2.5.4/lib/python2.7/site-packages:/cvmfs/cms.cern.ch/slc6_amd64_gcc630/external/python-ldap/2.4.10-fmblme/lib/python2.7/site-packages:/cvmfs/cms.cern.ch/slc6_amd64_gcc630/external/py2-matplotlib/1.5.2-fmblme/lib/python2.7/site-packages:/cvmfs/cms.cern.ch/slc6_amd64_gcc630/external/sip/4.17-fmblme/lib/python2.7/site-packages:/cvmfs/cms.cern.ch/slc6_amd64_gcc630/external/llvm/4.0.1/lib64/python2.7/site-packages:/cvmfs/cms.cern.ch/slc6_amd64_gcc630/external/py2-sqlalchemy/1.1.4-fmblme/lib/python2.7/site-packages:/cvmfs/cms.cern.ch/slc6_amd64_gcc630/external/py2-lint/0.25.1-fmblme/lib/python2.7/site-packages:/cvmfs/cms.cern.ch/slc6_amd64_gcc630/external/py2-dxr/1.0-fmblme3/lib/python2.7/site-packages:/cvmfs/cms.cern.ch/slc6_amd64_gcc630/external/py2-cx-oracle/5.2.1-fmblme/lib/python2.7/site-packages:/cvmfs/cms.cern.ch/slc6_amd64_gcc630/external/py2-numpy/1.12.1-fmblme/lib/python2.7/site-packages:/cvmfs/cms.cern.ch/slc6_amd64_gcc630/external/frontier_client/2.8.20-fmblme/python/lib:/cvmfs/cms.cern.ch/slc6_amd64_gcc630/cms/das_client/v03.01.00-fmblme/bin:/cvmfs/cms.cern.ch/slc6_amd64_gcc630/external/xrootd/4.6.1-fmblme/lib/python2.7/site-packages:/cvmfs/cms.cern.ch/slc6_amd64_gcc630/external/yoda/1.6.7/lib/python2.7/site-packages:/cvmfs/cms.cern.ch/slc6_amd64_gcc630/lcg/root/6.10.08/lib:/cvmfs/cms.cern.ch/slc6_amd64_gcc630/external/pyminuit2/0.0.1-fmblme3/lib/python2.7/site-packages:/cvmfs/cms.cern.ch/slc6_amd64_gcc630/external/py2-PyYAML/3.11-fmblme/lib/python2.7/site-packages:/cvmfs/cms.cern.ch/slc6_amd64_gcc630/external/py2-pygithub/1.23.0-fmblme/lib/python2.7/site-packages:/cvmfs/cms.cern.ch/slc6_amd64_gcc630/external/py2-pip/9.0.1-fmblme/lib/python2.7/site-packages:/cvmfs/cms.cern.ch/slc6_amd64_gcc630/external/py2-dablooms/0.9.1-fmblme/lib/python2.7/site-packages:/cvmfs/cms.cern.ch/slc6_amd64_gcc630/external/py2-pippkgs_depscipy/3.0-fmblme3/lib/python2.7/site-packages:/cvmfs/cms.cern.ch/slc6_amd64_gcc630/external/py2-pippkgs/6.0-fmblme/lib/python2.7/site-packages:/cvmfs/cms.cern.ch/slc6_amd64_gcc630/external/professor/1.4.0-fmblme3/lib/python2.7/site-packages:/cvmfs/cms.cern.ch/slc6_amd64_gcc630/cms/dbs-client/DBS_2_1_9-fmblme/lib:/cvmfs/cms.cern.ch/slc6_amd64_gcc630/cms/dbs-client/DBS_2_1_9-fmblme/lib/DBSAPI:/cvmfs/cms.cern.ch/slc6_amd64_gcc630/external/cvs2git/5419-fmblme/lib";
INFO: Creating new GBRLikelihoodTrain regression
INFO: init semi-parametric GBR regression electron_EE_ecal_highpt
INFO: Prepare and run training for electron_EE_ecal_highpt
      Running only EE
INFO: EventWeight = 1
INFO: Cuts for EE training = '(( genEnergy > 0 && full5x5_sigmaIetaIeta[0] > 0 && full5x5_sigmaIphiIphi[0] > 0 ))&&(!isEB)'
INFO: MinEvents = 250
INFO: Shrinkage = 0.1
INFO: NTrees = 2500
INFO: MinSignificance = 5
INFO: train BDT for EE central value estimation
RooCFunction1Binding<double,double>::nllfunc[ function=(0x2acf45ff7340) x=fullparmsum ] = -2.03692e+06
Minuit2Minimizer: Minimize with max-calls 2000 convergence for edm < 1 strategy 0
MnSeedGenerator: for initial parameters FCN = -2036923.083532
[#0] WARNING:Minization -- RooMinimizerFcn: Minimized function has error status.
Returning maximum FCN so far (9.75525e+06) to force MIGRAD to back out of this region. Error log follows
Parameter values: sigmeantvarEE=-0.411517, sign2varEE=-0.545354, signvarEE=-1.53089, sigwidthtvarEE=-1.28982

[#0] WARNING:Minization -- RooMinimizerFcn: Minimized function has error status.
Returning maximum FCN so far (9.75525e+06) to force MIGRAD to back out of this region. Error log follows
Parameter values: sigmeantvarEE=-0.411517, sign2varEE=-2.51643, signvarEE=-1.53089, sigwidthtvarEE=-1.28982

MnSeedGenerator: Initial state:   - FCN =  -2036923.083532 Edm =       239896 NCalls =     17
MnSeedGenerator: Negative G2 found - new state:   - FCN =  -2049211.805185 Edm =       388689 NCalls =     44
VariableMetric: start iterating until Edm is < 0.001
VariableMetric: Initial state   - FCN =  -2049211.805185 Edm =       388689 NCalls =     44
VariableMetric: Iteration #   0 - FCN =  -2049211.805185 Edm =       388689 NCalls =     44
VariableMetric: Iteration #   1 - FCN =  -2151063.493461 Edm =       231092 NCalls =     58
VariableMetric: Iteration #   2 - FCN =  -2226676.013872 Edm =      64282.4 NCalls =     68
VariableMetric: Iteration #   3 - FCN =   -2249657.77993 Edm =       771.02 NCalls =     78
VariableMetric: Iteration #   4 - FCN =  -2250106.153052 Edm =      45.0641 NCalls =     88
VariableMetric: Iteration #   5 - FCN =  -2250199.910402 Edm =      28.4151 NCalls =     98
VariableMetric: Iteration #   6 - FCN =  -2250226.721662 Edm =    0.0789517 NCalls =    108
VariableMetric: Iteration #   7 - FCN =   -2250226.87509 Edm =    0.0636057 NCalls =    119
VariableMetric: Iteration #   8 - FCN =  -2250227.154519 Edm =   0.00318367 NCalls =    130
VariableMetric: Iteration #   9 - FCN =  -2250227.158766 Edm =  4.07209e-06 NCalls =    139
Minuit2Minimizer : Valid minimum - status = 0
FVAL  = -2250227.15876613418
Edm   = 4.07209191469055255e-06
Nfcn  = 139
sigmeantvarEE	  = -0.407767	 +/-  3.39899e-05
sign2varEE	  = -1.54658	 +/-  2.12844e-05
signvarEE	  = 1.57027	 +/-  0.637589
sigwidthtvarEE	  = -1.29825	 +/-  0.000184469
  1) RooRealVar:: sigwidthtvarEE = -1.29825 +/- 0.000184469
  2) RooRealVar::  sigmeantvarEE = -0.407767 +/- 3.39899e-05
  3) RooRealVar::      signvarEE = 1.57027 +/- 0.637589
  4) RooRealVar::     sign2varEE = -1.54658 +/- 2.12844e-05
[#1] INFO:ObjectHandling -- RooWorkspace::import(wereg_ee) importing RooDoubleCBFast::sigpdfEE
[#1] INFO:ObjectHandling -- RooWorkspace::import(wereg_ee) importing RooRealVar::targetvar
[#1] INFO:ObjectHandling -- RooWorkspace::import(wereg_ee) importing RooRealConstraint::sigmeanlimEE
[#1] INFO:ObjectHandling -- RooWorkspace::import(wereg_ee) importing RooGBRTargetFlex::sigmeantEE
[#1] INFO:ObjectHandling -- RooWorkspace::import(wereg_ee) importing RooGBRFunctionFlex::sigmeantfuncEE
[#1] INFO:ObjectHandling -- RooWorkspace::import(wereg_ee) importing RooRealVar::sigmeantvarEE
[#1] INFO:ObjectHandling -- RooWorkspace::import(wereg_ee) importing RooRealVar::var_0
[#1] INFO:ObjectHandling -- RooWorkspace::import(wereg_ee) importing RooRealVar::var_1
[#1] INFO:ObjectHandling -- RooWorkspace::import(wereg_ee) importing RooRealVar::var_2
[#1] INFO:ObjectHandling -- RooWorkspace::import(wereg_ee) importing RooRealVar::var_3
[#1] INFO:ObjectHandling -- RooWorkspace::import(wereg_ee) importing RooRealVar::var_4
[#1] INFO:ObjectHandling -- RooWorkspace::import(wereg_ee) importing RooRealVar::var_5
[#1] INFO:ObjectHandling -- RooWorkspace::import(wereg_ee) importing RooRealVar::var_6
[#1] INFO:ObjectHandling -- RooWorkspace::import(wereg_ee) importing RooRealVar::var_7
[#1] INFO:ObjectHandling -- RooWorkspace::import(wereg_ee) importing RooRealVar::var_8
[#1] INFO:ObjectHandling -- RooWorkspace::import(wereg_ee) importing RooRealVar::var_9
[#1] INFO:ObjectHandling -- RooWorkspace::import(wereg_ee) importing RooRealVar::var_10
[#1] INFO:ObjectHandling -- RooWorkspace::import(wereg_ee) importing RooRealVar::var_11
[#1] INFO:ObjectHandling -- RooWorkspace::import(wereg_ee) importing RooRealVar::var_12
[#1] INFO:ObjectHandling -- RooWorkspace::import(wereg_ee) importing RooRealVar::var_13
[#1] INFO:ObjectHandling -- RooWorkspace::import(wereg_ee) importing RooRealVar::var_14
[#1] INFO:ObjectHandling -- RooWorkspace::import(wereg_ee) importing RooRealVar::var_15
[#1] INFO:ObjectHandling -- RooWorkspace::import(wereg_ee) importing RooRealVar::var_16
[#1] INFO:ObjectHandling -- RooWorkspace::import(wereg_ee) importing RooRealVar::var_17
[#1] INFO:ObjectHandling -- RooWorkspace::import(wereg_ee) importing RooRealVar::var_18
[#1] INFO:ObjectHandling -- RooWorkspace::import(wereg_ee) importing RooRealVar::var_19
[#1] INFO:ObjectHandling -- RooWorkspace::import(wereg_ee) importing RooRealVar::var_20
[#1] INFO:ObjectHandling -- RooWorkspace::import(wereg_ee) importing RooRealVar::var_21
[#1] INFO:ObjectHandling -- RooWorkspace::import(wereg_ee) importing RooRealVar::var_22
[#1] INFO:ObjectHandling -- RooWorkspace::import(wereg_ee) importing RooRealConstraint::sigwidthlimEE
[#1] INFO:ObjectHandling -- RooWorkspace::import(wereg_ee) importing RooGBRTargetFlex::sigwidthtEE
[#1] INFO:ObjectHandling -- RooWorkspace::import(wereg_ee) importing RooGBRFunctionFlex::sigwidthtfuncEE
[#1] INFO:ObjectHandling -- RooWorkspace::import(wereg_ee) importing RooRealVar::sigwidthtvarEE
[#1] INFO:ObjectHandling -- RooWorkspace::import(wereg_ee) importing RooConstVar::2
[#1] INFO:ObjectHandling -- RooWorkspace::import(wereg_ee) importing RooRealConstraint::signlimEE
[#1] INFO:ObjectHandling -- RooWorkspace::import(wereg_ee) importing RooGBRTargetFlex::signtEE
[#1] INFO:ObjectHandling -- RooWorkspace::import(wereg_ee) importing RooGBRFunctionFlex::signfuncEE
[#1] INFO:ObjectHandling -- RooWorkspace::import(wereg_ee) importing RooRealVar::signvarEE
[#1] INFO:ObjectHandling -- RooWorkspace::import(wereg_ee) importing RooConstVar::1
[#1] INFO:ObjectHandling -- RooWorkspace::import(wereg_ee) importing RooRealConstraint::sign2limEE
[#1] INFO:ObjectHandling -- RooWorkspace::import(wereg_ee) importing RooGBRTargetFlex::sign2tEE
[#1] INFO:ObjectHandling -- RooWorkspace::import(wereg_ee) importing RooGBRFunctionFlex::sign2funcEE
[#1] INFO:ObjectHandling -- RooWorkspace::import(wereg_ee) importing RooRealVar::sign2varEE
INFO: RegressionManager::makeRegression(): Elapsed time = 123030 s
                                                        = 34 h 10 min
- Finish - All good -
Copying 3935179 bytes file:///var/condor/execute/dir_25817/electron_EE_ecal_highpt_results.root => gsiftp://cms-lvs-gridftp.hep.wisc.edu:2811//hdfs/store/user/varuns/EgammaRegression/94X/output/electron_EE_ecal_highpt_results.root
