export SRT_ROOT_INCLUDE_PATH_SCRAMRTDEL="/cvmfs/cms.cern.ch/slc6_amd64_gcc630/cms/cmssw/CMSSW_9_4_1/src:/cvmfs/cms.cern.ch/slc6_amd64_gcc630/cms/coral/CORAL_2_3_21-fmblme4/include/LCG:/cvmfs/cms.cern.ch/slc6_amd64_gcc630/external/mctester/1.25.0a-fmblme3/include:/cvmfs/cms.cern.ch/slc6_amd64_gcc630/lcg/root/6.10.08/include:/cvmfs/cms.cern.ch/slc6_amd64_gcc630/external/qt/4.8.7/include/QtDesigner:/cvmfs/cms.cern.ch/slc6_amd64_gcc630/external/tauolapp/1.1.5-fmblme2/include:/cvmfs/cms.cern.ch/slc6_amd64_gcc630/external/charybdis/1.003-fmblme/include:/cvmfs/cms.cern.ch/slc6_amd64_gcc630/external/thepeg/1.9.2p1-fmblme/include:/cvmfs/cms.cern.ch/slc6_amd64_gcc630/external/sherpa/2.2.4-fmblme2/include/SHERPA-MC:/cvmfs/cms.cern.ch/slc6_amd64_gcc630/external/qt/4.8.7/include/QtOpenGL:/cvmfs/cms.cern.ch/slc6_amd64_gcc630/external/qt/4.8.7/include/QtGui:/cvmfs/cms.cern.ch/slc6_amd64_gcc630/external/pythia8/230/include:/cvmfs/cms.cern.ch/slc6_amd64_gcc630/external/herwig/6.521-fmblme/include:/cvmfs/cms.cern.ch/slc6_amd64_gcc630/external/rivet/2.5.4/include:/cvmfs/cms.cern.ch/slc6_amd64_gcc630/external/qt/4.8.7/include/Qt3Support:/cvmfs/cms.cern.ch/slc6_amd64_gcc630/external/lwtnn/1.0-fmblme2/include:/cvmfs/cms.cern.ch/slc6_amd64_gcc630/external/classlib/3.1.3-oenich/include:/cvmfs/cms.cern.ch/slc6_amd64_gcc630/external/lhapdf/6.2.1-fmblme/include:/cvmfs/cms.cern.ch/slc6_amd64_gcc630/external/cgal/4.2-fmblme/include:/cvmfs/cms.cern.ch/slc6_amd64_gcc630/external/tkonlinesw/4.1.0-1-fmblme3/include:/cvmfs/cms.cern.ch/slc6_amd64_gcc630/external/starlight/r193-fmblme/include:/cvmfs/cms.cern.ch/slc6_amd64_gcc630/external/qt/4.8.7/include:/cvmfs/cms.cern.ch/slc6_amd64_gcc630/external/qt/4.8.7/include/Qt:/cvmfs/cms.cern.ch/slc6_amd64_gcc630/external/qt/4.8.7/include/QtCore:/cvmfs/cms.cern.ch/slc6_amd64_gcc630/external/qt/4.8.7/include/QtXml:/cvmfs/cms.cern.ch/slc6_amd64_gcc630/external/mcdb/1.0.3/interface:/cvmfs/cms.cern.ch/slc6_amd64_gcc630/external/libungif/4.1.4/include:/cvmfs/cms.cern.ch/slc6_amd64_gcc630/external/libtiff/4.0.3-oenich/include:/cvmfs/cms.cern.ch/slc6_amd64_gcc630/external/libpng/1.6.16-oenich/include:/cvmfs/cms.cern.ch/slc6_amd64_gcc630/external/geant4/10.02.p02-fmblme3/include/Geant4:/cvmfs/cms.cern.ch/slc6_amd64_gcc630/external/frontier_client/2.8.20-fmblme/include:/cvmfs/cms.cern.ch/slc6_amd64_gcc630/external/pcre/8.37-oenich/include:/cvmfs/cms.cern.ch/slc6_amd64_gcc630/external/boost/1.63.0-fmblme/include:/cvmfs/cms.cern.ch/slc6_amd64_gcc630/external/xrootd/4.6.1-fmblme/include/xrootd/private:/cvmfs/cms.cern.ch/slc6_amd64_gcc630/cms/vdt/0.3.9/include:/cvmfs/cms.cern.ch/slc6_amd64_gcc630/external/valgrind/3.12.0-oenich/include:/cvmfs/cms.cern.ch/slc6_amd64_gcc630/external/utm/utm_0.6.5-fmblme/include:/cvmfs/cms.cern.ch/slc6_amd64_gcc630/external/toprex/4.23/include:/cvmfs/cms.cern.ch/slc6_amd64_gcc630/external/tbb/2018/include:/cvmfs/cms.cern.ch/slc6_amd64_gcc630/external/tauola/27.121.5/include:/cvmfs/cms.cern.ch/slc6_amd64_gcc630/external/sigcpp/2.6.2-oenich/include/sigc++-2.0:/cvmfs/cms.cern.ch/slc6_amd64_gcc630/external/sqlite/3.16.2/include:/cvmfs/cms.cern.ch/slc6_amd64_gcc630/external/protobuf/3.4.0-fmblme/include:/cvmfs/cms.cern.ch/slc6_amd64_gcc630/external/pacparser/1.3.5/include:/cvmfs/cms.cern.ch/slc6_amd64_gcc630/external/oracle/12.1.0.2.0/include:/cvmfs/cms.cern.ch/slc6_amd64_gcc630/external/meschach/1.2.pCMS1/include:/cvmfs/cms.cern.ch/slc6_amd64_gcc630/external/madgraph5amcatnlo/2.4.3-fmblme3:/cvmfs/cms.cern.ch/slc6_amd64_gcc630/external/libhepml/0.2.1/interface:/cvmfs/cms.cern.ch/slc6_amd64_gcc630/external/ktjet/1.06-fmblme/include:/cvmfs/cms.cern.ch/slc6_amd64_gcc630/external/jimmy/4.2-fmblme/include:/cvmfs/cms.cern.ch/slc6_amd64_gcc630/external/jemalloc/4.5.0/include:/cvmfs/cms.cern.ch/slc6_amd64_gcc630/external/xz/5.2.2-oenich/include:/cvmfs/cms.cern.ch/slc6_amd64_gcc630/external/heppdt/3.03.00-fmblme2/include:/cvmfs/cms.cern.ch/slc6_amd64_gcc630/external/hector/1.3.4_patch1-fmblme3/include:/cvmfs/cms.cern.ch/slc6_amd64_gcc630/external/gsl/2.2.1/include:/cvmfs/cms.cern.ch/slc6_amd64_gcc630/external/libjpeg-turbo/1.3.1/include:/cvmfs/cms.cern.ch/slc6_amd64_gcc630/external/giflib/4.2.3-oenich/include:/cvmfs/cms.cern.ch/slc6_amd64_gcc630/external/xerces-c/3.1.3/include:/cvmfs/cms.cern.ch/slc6_amd64_gcc630/external/gdbm/1.10/include:/cvmfs/cms.cern.ch/slc6_amd64_gcc630/external/freetype/2.5.3-oenich/include:/cvmfs/cms.cern.ch/slc6_amd64_gcc630/external/fftw3/3.3.2/include:/cvmfs/cms.cern.ch/slc6_amd64_gcc630/external/fftjet/1.5.0/include:/cvmfs/cms.cern.ch/slc6_amd64_gcc630/external/fastjet/3.1.0/include:/cvmfs/cms.cern.ch/slc6_amd64_gcc630/external/expat/2.1.0/include:/cvmfs/cms.cern.ch/slc6_amd64_gcc630/external/hepmc/2.06.07-oenich/include:/cvmfs/cms.cern.ch/slc6_amd64_gcc630/external/dpm/1.8.0.1/include:/cvmfs/cms.cern.ch/slc6_amd64_gcc630/external/dcap/2.47.8-oenich/include:/cvmfs/cms.cern.ch/slc6_amd64_gcc630/external/libxml2/2.9.1-oenich/include/libxml2:/cvmfs/cms.cern.ch/slc6_amd64_gcc630/external/curl/7.52.1/include:/cvmfs/cms.cern.ch/slc6_amd64_gcc630/external/cppunit/1.12.1/include:/cvmfs/cms.cern.ch/slc6_amd64_gcc630/external/clhep/2.3.4.2-fmblme/include:/cvmfs/cms.cern.ch/slc6_amd64_gcc630/external/openssl/1.0.2d/include:/cvmfs/cms.cern.ch/slc6_amd64_gcc630/external/pythia6/426/include:/cvmfs/cms.cern.ch/slc6_amd64_gcc630/external/photos/215.5/include:/cvmfs/cms.cern.ch/slc6_amd64_gcc630/external/zlib-x86_64/1.2.11/include:/cvmfs/cms.cern.ch/slc6_amd64_gcc630/external/libuuid/2.22.2/include:/cvmfs/cms.cern.ch/slc6_amd64_gcc630/external/castor/2.1.13.9/include:/cvmfs/cms.cern.ch/slc6_amd64_gcc630/external/castor/2.1.13.9/include/shift:/cvmfs/cms.cern.ch/slc6_amd64_gcc630/external/cascade/2.2.04-fmblme/include:/cvmfs/cms.cern.ch/slc6_amd64_gcc630/external/bz2lib/1.0.6/include:/cvmfs/cms.cern.ch/slc6_amd64_gcc630/external/python/2.7.11-fmblme/include/python2.7:/cvmfs/cms.cern.ch/slc6_amd64_gcc630/external/ittnotify/16.06.18-fmblme/include:/cvmfs/cms.cern.ch/slc6_amd64_gcc630/external/gcc/6.3.0/include/c++/6.3.0:/cvmfs/cms.cern.ch/slc6_amd64_gcc630/external/gcc/6.3.0/include/c++/6.3.0/x86_64-unknown-linux-gnu:/cvmfs/cms.cern.ch/slc6_amd64_gcc630/external/gcc/6.3.0/include/c++/6.3.0/backward:/usr/local/include:/usr/include";
export SRT_CMSSW_SEARCH_PATH_SCRAMRTDEL="/cvmfs/cms.cern.ch/slc6_amd64_gcc630/cms/cmssw/CMSSW_9_4_1/src:/cvmfs/cms.cern.ch/slc6_amd64_gcc630/cms/cmssw/CMSSW_9_4_1/external/slc6_amd64_gcc630/data";
export SRT_PATH_SCRAMRT="/cvmfs/cms.cern.ch/share/overrides/bin:/cvmfs/cms.cern.ch/slc6_amd64_gcc630/cms/cmssw/CMSSW_9_4_1/bin/slc6_amd64_gcc630:/cvmfs/cms.cern.ch/slc6_amd64_gcc630/cms/cmssw/CMSSW_9_4_1/external/slc6_amd64_gcc630/bin:/cvmfs/cms.cern.ch/slc6_amd64_gcc630/external/llvm/4.0.1/bin:/cvmfs/cms.cern.ch/slc6_amd64_gcc630/external/gcc/6.3.0/bin";
export SRT_RIVET_ANALYSIS_PATH_SCRAMRTDEL="/cvmfs/cms.cern.ch/slc6_amd64_gcc630/cms/cmssw/CMSSW_9_4_1/lib/slc6_amd64_gcc630:/cvmfs/cms.cern.ch/slc6_amd64_gcc630/external/rivet/2.5.4/lib";
export SRT_PYTHONPATH_SCRAMRTDEL="/cvmfs/cms.cern.ch/slc6_amd64_gcc630/cms/cmssw/CMSSW_9_4_1/python:/cvmfs/cms.cern.ch/slc6_amd64_gcc630/cms/cmssw/CMSSW_9_4_1/lib/slc6_amd64_gcc630:/cvmfs/cms.cern.ch/slc6_amd64_gcc630/cms/coral/CORAL_2_3_21-fmblme4/slc6_amd64_gcc630/python:/cvmfs/cms.cern.ch/slc6_amd64_gcc630/cms/coral/CORAL_2_3_21-fmblme4/slc6_amd64_gcc630/lib:/cvmfs/cms.cern.ch/slc6_amd64_gcc630/external/professor2/2.2.1-fmblme4/lib/python2.7/site-packages:/cvmfs/cms.cern.ch/slc6_amd64_gcc630/external/pyqt/4.11.4-fmblme/lib/python2.7/site-packages:/cvmfs/cms.cern.ch/slc6_amd64_gcc630/external/sherpa/2.2.4-fmblme2/lib/python2.7/site-packages:/cvmfs/cms.cern.ch/slc6_amd64_gcc630/external/rivet/2.5.4/lib/python2.7/site-packages:/cvmfs/cms.cern.ch/slc6_amd64_gcc630/external/python-ldap/2.4.10-fmblme/lib/python2.7/site-packages:/cvmfs/cms.cern.ch/slc6_amd64_gcc630/external/py2-matplotlib/1.5.2-fmblme/lib/python2.7/site-packages:/cvmfs/cms.cern.ch/slc6_amd64_gcc630/external/sip/4.17-fmblme/lib/python2.7/site-packages:/cvmfs/cms.cern.ch/slc6_amd64_gcc630/external/llvm/4.0.1/lib64/python2.7/site-packages:/cvmfs/cms.cern.ch/slc6_amd64_gcc630/external/py2-sqlalchemy/1.1.4-fmblme/lib/python2.7/site-packages:/cvmfs/cms.cern.ch/slc6_amd64_gcc630/external/py2-lint/0.25.1-fmblme/lib/python2.7/site-packages:/cvmfs/cms.cern.ch/slc6_amd64_gcc630/external/py2-dxr/1.0-fmblme3/lib/python2.7/site-packages:/cvmfs/cms.cern.ch/slc6_amd64_gcc630/external/py2-cx-oracle/5.2.1-fmblme/lib/python2.7/site-packages:/cvmfs/cms.cern.ch/slc6_amd64_gcc630/external/py2-numpy/1.12.1-fmblme/lib/python2.7/site-packages:/cvmfs/cms.cern.ch/slc6_amd64_gcc630/external/frontier_client/2.8.20-fmblme/python/lib:/cvmfs/cms.cern.ch/slc6_amd64_gcc630/cms/das_client/v03.01.00-fmblme/bin:/cvmfs/cms.cern.ch/slc6_amd64_gcc630/external/xrootd/4.6.1-fmblme/lib/python2.7/site-packages:/cvmfs/cms.cern.ch/slc6_amd64_gcc630/external/yoda/1.6.7/lib/python2.7/site-packages:/cvmfs/cms.cern.ch/slc6_amd64_gcc630/lcg/root/6.10.08/lib:/cvmfs/cms.cern.ch/slc6_amd64_gcc630/external/pyminuit2/0.0.1-fmblme3/lib/python2.7/site-packages:/cvmfs/cms.cern.ch/slc6_amd64_gcc630/external/py2-PyYAML/3.11-fmblme/lib/python2.7/site-packages:/cvmfs/cms.cern.ch/slc6_amd64_gcc630/external/py2-pygithub/1.23.0-fmblme/lib/python2.7/site-packages:/cvmfs/cms.cern.ch/slc6_amd64_gcc630/external/py2-pip/9.0.1-fmblme/lib/python2.7/site-packages:/cvmfs/cms.cern.ch/slc6_amd64_gcc630/external/py2-dablooms/0.9.1-fmblme/lib/python2.7/site-packages:/cvmfs/cms.cern.ch/slc6_amd64_gcc630/external/py2-pippkgs_depscipy/3.0-fmblme3/lib/python2.7/site-packages:/cvmfs/cms.cern.ch/slc6_amd64_gcc630/external/py2-pippkgs/6.0-fmblme/lib/python2.7/site-packages:/cvmfs/cms.cern.ch/slc6_amd64_gcc630/external/professor/1.4.0-fmblme3/lib/python2.7/site-packages:/cvmfs/cms.cern.ch/slc6_amd64_gcc630/cms/dbs-client/DBS_2_1_9-fmblme/lib:/cvmfs/cms.cern.ch/slc6_amd64_gcc630/cms/dbs-client/DBS_2_1_9-fmblme/lib/DBSAPI:/cvmfs/cms.cern.ch/slc6_amd64_gcc630/external/cvs2git/5419-fmblme/lib";
export SRT_CMSSW_BASE_SCRAMRTDEL="/cvmfs/cms.cern.ch/slc6_amd64_gcc630/cms/cmssw/CMSSW_9_4_1";
export SRT_CMSSW_RELEASE_BASE_SCRAMRTDEL="";
export SRT_LOCALRT_SCRAMRTDEL="/cvmfs/cms.cern.ch/slc6_amd64_gcc630/cms/cmssw/CMSSW_9_4_1";
export SRT_LD_LIBRARY_PATH_SCRAMRTDEL="/cvmfs/cms.cern.ch/slc6_amd64_gcc630/cms/cmssw/CMSSW_9_4_1/biglib/slc6_amd64_gcc630:/cvmfs/cms.cern.ch/slc6_amd64_gcc630/cms/cmssw/CMSSW_9_4_1/lib/slc6_amd64_gcc630:/cvmfs/cms.cern.ch/slc6_amd64_gcc630/cms/cmssw/CMSSW_9_4_1/external/slc6_amd64_gcc630/lib:/cvmfs/cms.cern.ch/slc6_amd64_gcc630/external/llvm/4.0.1/lib64:/cvmfs/cms.cern.ch/slc6_amd64_gcc630/external/gcc/6.3.0/lib64:/cvmfs/cms.cern.ch/slc6_amd64_gcc630/external/gcc/6.3.0/lib";
export CMSSW_BASE="/cvmfs/cms.cern.ch/slc6_amd64_gcc630/cms/cmssw/CMSSW_9_4_1";
export LOCALRT="/cvmfs/cms.cern.ch/slc6_amd64_gcc630/cms/cmssw/CMSSW_9_4_1";
export CMSSW_RELEASE_BASE="";
export PATH="/cvmfs/cms.cern.ch/share/overrides/bin:/cvmfs/cms.cern.ch/slc6_amd64_gcc630/cms/cmssw/CMSSW_9_4_1/bin/slc6_amd64_gcc630:/cvmfs/cms.cern.ch/slc6_amd64_gcc630/cms/cmssw/CMSSW_9_4_1/external/slc6_amd64_gcc630/bin:/cvmfs/cms.cern.ch/slc6_amd64_gcc630/external/llvm/4.0.1/bin:/cvmfs/cms.cern.ch/slc6_amd64_gcc630/external/gcc/6.3.0/bin:/cvmfs/cms.cern.ch/common:/cvmfs/cms.cern.ch/bin:/cvmfs/cms.cern.ch/common:/cvmfs/cms.cern.ch/bin:/usr/local/bin/smb:/usr/local/bin/raid:/usr/lib64/qt-3.3/bin:/usr/local/etc:/usr/local/bin/hadoop:/usr/local/bin/afs:/usr/local/bin:/bin:/usr/bin:/usr/local/sbin:/usr/sbin:/sbin:/afs/hep.wisc.edu/home/varuns/bin";
export CMSSW_SEARCH_PATH="/cvmfs/cms.cern.ch/slc6_amd64_gcc630/cms/cmssw/CMSSW_9_4_1/src:/cvmfs/cms.cern.ch/slc6_amd64_gcc630/cms/cmssw/CMSSW_9_4_1/external/slc6_amd64_gcc630/data";
export RIVET_ANALYSIS_PATH="/cvmfs/cms.cern.ch/slc6_amd64_gcc630/cms/cmssw/CMSSW_9_4_1/lib/slc6_amd64_gcc630:/cvmfs/cms.cern.ch/slc6_amd64_gcc630/external/rivet/2.5.4/lib";
export LD_LIBRARY_PATH="/cvmfs/cms.cern.ch/slc6_amd64_gcc630/cms/cmssw/CMSSW_9_4_1/biglib/slc6_amd64_gcc630:/cvmfs/cms.cern.ch/slc6_amd64_gcc630/cms/cmssw/CMSSW_9_4_1/lib/slc6_amd64_gcc630:/cvmfs/cms.cern.ch/slc6_amd64_gcc630/cms/cmssw/CMSSW_9_4_1/external/slc6_amd64_gcc630/lib:/cvmfs/cms.cern.ch/slc6_amd64_gcc630/external/llvm/4.0.1/lib64:/cvmfs/cms.cern.ch/slc6_amd64_gcc630/external/gcc/6.3.0/lib64:/cvmfs/cms.cern.ch/slc6_amd64_gcc630/external/gcc/6.3.0/lib";
export ROOT_INCLUDE_PATH="/cvmfs/cms.cern.ch/slc6_amd64_gcc630/cms/cmssw/CMSSW_9_4_1/src:/cvmfs/cms.cern.ch/slc6_amd64_gcc630/cms/coral/CORAL_2_3_21-fmblme4/include/LCG:/cvmfs/cms.cern.ch/slc6_amd64_gcc630/external/mctester/1.25.0a-fmblme3/include:/cvmfs/cms.cern.ch/slc6_amd64_gcc630/lcg/root/6.10.08/include:/cvmfs/cms.cern.ch/slc6_amd64_gcc630/external/qt/4.8.7/include/QtDesigner:/cvmfs/cms.cern.ch/slc6_amd64_gcc630/external/tauolapp/1.1.5-fmblme2/include:/cvmfs/cms.cern.ch/slc6_amd64_gcc630/external/charybdis/1.003-fmblme/include:/cvmfs/cms.cern.ch/slc6_amd64_gcc630/external/thepeg/1.9.2p1-fmblme/include:/cvmfs/cms.cern.ch/slc6_amd64_gcc630/external/sherpa/2.2.4-fmblme2/include/SHERPA-MC:/cvmfs/cms.cern.ch/slc6_amd64_gcc630/external/qt/4.8.7/include/QtOpenGL:/cvmfs/cms.cern.ch/slc6_amd64_gcc630/external/qt/4.8.7/include/QtGui:/cvmfs/cms.cern.ch/slc6_amd64_gcc630/external/pythia8/230/include:/cvmfs/cms.cern.ch/slc6_amd64_gcc630/external/herwig/6.521-fmblme/include:/cvmfs/cms.cern.ch/slc6_amd64_gcc630/external/rivet/2.5.4/include:/cvmfs/cms.cern.ch/slc6_amd64_gcc630/external/qt/4.8.7/include/Qt3Support:/cvmfs/cms.cern.ch/slc6_amd64_gcc630/external/lwtnn/1.0-fmblme2/include:/cvmfs/cms.cern.ch/slc6_amd64_gcc630/external/classlib/3.1.3-oenich/include:/cvmfs/cms.cern.ch/slc6_amd64_gcc630/external/lhapdf/6.2.1-fmblme/include:/cvmfs/cms.cern.ch/slc6_amd64_gcc630/external/cgal/4.2-fmblme/include:/cvmfs/cms.cern.ch/slc6_amd64_gcc630/external/tkonlinesw/4.1.0-1-fmblme3/include:/cvmfs/cms.cern.ch/slc6_amd64_gcc630/external/starlight/r193-fmblme/include:/cvmfs/cms.cern.ch/slc6_amd64_gcc630/external/qt/4.8.7/include:/cvmfs/cms.cern.ch/slc6_amd64_gcc630/external/qt/4.8.7/include/Qt:/cvmfs/cms.cern.ch/slc6_amd64_gcc630/external/qt/4.8.7/include/QtCore:/cvmfs/cms.cern.ch/slc6_amd64_gcc630/external/qt/4.8.7/include/QtXml:/cvmfs/cms.cern.ch/slc6_amd64_gcc630/external/mcdb/1.0.3/interface:/cvmfs/cms.cern.ch/slc6_amd64_gcc630/external/libungif/4.1.4/include:/cvmfs/cms.cern.ch/slc6_amd64_gcc630/external/libtiff/4.0.3-oenich/include:/cvmfs/cms.cern.ch/slc6_amd64_gcc630/external/libpng/1.6.16-oenich/include:/cvmfs/cms.cern.ch/slc6_amd64_gcc630/external/geant4/10.02.p02-fmblme3/include/Geant4:/cvmfs/cms.cern.ch/slc6_amd64_gcc630/external/frontier_client/2.8.20-fmblme/include:/cvmfs/cms.cern.ch/slc6_amd64_gcc630/external/pcre/8.37-oenich/include:/cvmfs/cms.cern.ch/slc6_amd64_gcc630/external/boost/1.63.0-fmblme/include:/cvmfs/cms.cern.ch/slc6_amd64_gcc630/external/xrootd/4.6.1-fmblme/include/xrootd/private:/cvmfs/cms.cern.ch/slc6_amd64_gcc630/cms/vdt/0.3.9/include:/cvmfs/cms.cern.ch/slc6_amd64_gcc630/external/valgrind/3.12.0-oenich/include:/cvmfs/cms.cern.ch/slc6_amd64_gcc630/external/utm/utm_0.6.5-fmblme/include:/cvmfs/cms.cern.ch/slc6_amd64_gcc630/external/toprex/4.23/include:/cvmfs/cms.cern.ch/slc6_amd64_gcc630/external/tbb/2018/include:/cvmfs/cms.cern.ch/slc6_amd64_gcc630/external/tauola/27.121.5/include:/cvmfs/cms.cern.ch/slc6_amd64_gcc630/external/sigcpp/2.6.2-oenich/include/sigc++-2.0:/cvmfs/cms.cern.ch/slc6_amd64_gcc630/external/sqlite/3.16.2/include:/cvmfs/cms.cern.ch/slc6_amd64_gcc630/external/protobuf/3.4.0-fmblme/include:/cvmfs/cms.cern.ch/slc6_amd64_gcc630/external/pacparser/1.3.5/include:/cvmfs/cms.cern.ch/slc6_amd64_gcc630/external/oracle/12.1.0.2.0/include:/cvmfs/cms.cern.ch/slc6_amd64_gcc630/external/meschach/1.2.pCMS1/include:/cvmfs/cms.cern.ch/slc6_amd64_gcc630/external/madgraph5amcatnlo/2.4.3-fmblme3:/cvmfs/cms.cern.ch/slc6_amd64_gcc630/external/libhepml/0.2.1/interface:/cvmfs/cms.cern.ch/slc6_amd64_gcc630/external/ktjet/1.06-fmblme/include:/cvmfs/cms.cern.ch/slc6_amd64_gcc630/external/jimmy/4.2-fmblme/include:/cvmfs/cms.cern.ch/slc6_amd64_gcc630/external/jemalloc/4.5.0/include:/cvmfs/cms.cern.ch/slc6_amd64_gcc630/external/xz/5.2.2-oenich/include:/cvmfs/cms.cern.ch/slc6_amd64_gcc630/external/heppdt/3.03.00-fmblme2/include:/cvmfs/cms.cern.ch/slc6_amd64_gcc630/external/hector/1.3.4_patch1-fmblme3/include:/cvmfs/cms.cern.ch/slc6_amd64_gcc630/external/gsl/2.2.1/include:/cvmfs/cms.cern.ch/slc6_amd64_gcc630/external/libjpeg-turbo/1.3.1/include:/cvmfs/cms.cern.ch/slc6_amd64_gcc630/external/giflib/4.2.3-oenich/include:/cvmfs/cms.cern.ch/slc6_amd64_gcc630/external/xerces-c/3.1.3/include:/cvmfs/cms.cern.ch/slc6_amd64_gcc630/external/gdbm/1.10/include:/cvmfs/cms.cern.ch/slc6_amd64_gcc630/external/freetype/2.5.3-oenich/include:/cvmfs/cms.cern.ch/slc6_amd64_gcc630/external/fftw3/3.3.2/include:/cvmfs/cms.cern.ch/slc6_amd64_gcc630/external/fftjet/1.5.0/include:/cvmfs/cms.cern.ch/slc6_amd64_gcc630/external/fastjet/3.1.0/include:/cvmfs/cms.cern.ch/slc6_amd64_gcc630/external/expat/2.1.0/include:/cvmfs/cms.cern.ch/slc6_amd64_gcc630/external/hepmc/2.06.07-oenich/include:/cvmfs/cms.cern.ch/slc6_amd64_gcc630/external/dpm/1.8.0.1/include:/cvmfs/cms.cern.ch/slc6_amd64_gcc630/external/dcap/2.47.8-oenich/include:/cvmfs/cms.cern.ch/slc6_amd64_gcc630/external/libxml2/2.9.1-oenich/include/libxml2:/cvmfs/cms.cern.ch/slc6_amd64_gcc630/external/curl/7.52.1/include:/cvmfs/cms.cern.ch/slc6_amd64_gcc630/external/cppunit/1.12.1/include:/cvmfs/cms.cern.ch/slc6_amd64_gcc630/external/clhep/2.3.4.2-fmblme/include:/cvmfs/cms.cern.ch/slc6_amd64_gcc630/external/openssl/1.0.2d/include:/cvmfs/cms.cern.ch/slc6_amd64_gcc630/external/pythia6/426/include:/cvmfs/cms.cern.ch/slc6_amd64_gcc630/external/photos/215.5/include:/cvmfs/cms.cern.ch/slc6_amd64_gcc630/external/zlib-x86_64/1.2.11/include:/cvmfs/cms.cern.ch/slc6_amd64_gcc630/external/libuuid/2.22.2/include:/cvmfs/cms.cern.ch/slc6_amd64_gcc630/external/castor/2.1.13.9/include:/cvmfs/cms.cern.ch/slc6_amd64_gcc630/external/castor/2.1.13.9/include/shift:/cvmfs/cms.cern.ch/slc6_amd64_gcc630/external/cascade/2.2.04-fmblme/include:/cvmfs/cms.cern.ch/slc6_amd64_gcc630/external/bz2lib/1.0.6/include:/cvmfs/cms.cern.ch/slc6_amd64_gcc630/external/python/2.7.11-fmblme/include/python2.7:/cvmfs/cms.cern.ch/slc6_amd64_gcc630/external/ittnotify/16.06.18-fmblme/include:/cvmfs/cms.cern.ch/slc6_amd64_gcc630/external/gcc/6.3.0/include/c++/6.3.0:/cvmfs/cms.cern.ch/slc6_amd64_gcc630/external/gcc/6.3.0/include/c++/6.3.0/x86_64-unknown-linux-gnu:/cvmfs/cms.cern.ch/slc6_amd64_gcc630/external/gcc/6.3.0/include/c++/6.3.0/backward:/usr/local/include:/usr/include";
export PYTHONPATH="/cvmfs/cms.cern.ch/slc6_amd64_gcc630/cms/cmssw/CMSSW_9_4_1/python:/cvmfs/cms.cern.ch/slc6_amd64_gcc630/cms/cmssw/CMSSW_9_4_1/lib/slc6_amd64_gcc630:/cvmfs/cms.cern.ch/slc6_amd64_gcc630/cms/coral/CORAL_2_3_21-fmblme4/slc6_amd64_gcc630/python:/cvmfs/cms.cern.ch/slc6_amd64_gcc630/cms/coral/CORAL_2_3_21-fmblme4/slc6_amd64_gcc630/lib:/cvmfs/cms.cern.ch/slc6_amd64_gcc630/external/professor2/2.2.1-fmblme4/lib/python2.7/site-packages:/cvmfs/cms.cern.ch/slc6_amd64_gcc630/external/pyqt/4.11.4-fmblme/lib/python2.7/site-packages:/cvmfs/cms.cern.ch/slc6_amd64_gcc630/external/sherpa/2.2.4-fmblme2/lib/python2.7/site-packages:/cvmfs/cms.cern.ch/slc6_amd64_gcc630/external/rivet/2.5.4/lib/python2.7/site-packages:/cvmfs/cms.cern.ch/slc6_amd64_gcc630/external/python-ldap/2.4.10-fmblme/lib/python2.7/site-packages:/cvmfs/cms.cern.ch/slc6_amd64_gcc630/external/py2-matplotlib/1.5.2-fmblme/lib/python2.7/site-packages:/cvmfs/cms.cern.ch/slc6_amd64_gcc630/external/sip/4.17-fmblme/lib/python2.7/site-packages:/cvmfs/cms.cern.ch/slc6_amd64_gcc630/external/llvm/4.0.1/lib64/python2.7/site-packages:/cvmfs/cms.cern.ch/slc6_amd64_gcc630/external/py2-sqlalchemy/1.1.4-fmblme/lib/python2.7/site-packages:/cvmfs/cms.cern.ch/slc6_amd64_gcc630/external/py2-lint/0.25.1-fmblme/lib/python2.7/site-packages:/cvmfs/cms.cern.ch/slc6_amd64_gcc630/external/py2-dxr/1.0-fmblme3/lib/python2.7/site-packages:/cvmfs/cms.cern.ch/slc6_amd64_gcc630/external/py2-cx-oracle/5.2.1-fmblme/lib/python2.7/site-packages:/cvmfs/cms.cern.ch/slc6_amd64_gcc630/external/py2-numpy/1.12.1-fmblme/lib/python2.7/site-packages:/cvmfs/cms.cern.ch/slc6_amd64_gcc630/external/frontier_client/2.8.20-fmblme/python/lib:/cvmfs/cms.cern.ch/slc6_amd64_gcc630/cms/das_client/v03.01.00-fmblme/bin:/cvmfs/cms.cern.ch/slc6_amd64_gcc630/external/xrootd/4.6.1-fmblme/lib/python2.7/site-packages:/cvmfs/cms.cern.ch/slc6_amd64_gcc630/external/yoda/1.6.7/lib/python2.7/site-packages:/cvmfs/cms.cern.ch/slc6_amd64_gcc630/lcg/root/6.10.08/lib:/cvmfs/cms.cern.ch/slc6_amd64_gcc630/external/pyminuit2/0.0.1-fmblme3/lib/python2.7/site-packages:/cvmfs/cms.cern.ch/slc6_amd64_gcc630/external/py2-PyYAML/3.11-fmblme/lib/python2.7/site-packages:/cvmfs/cms.cern.ch/slc6_amd64_gcc630/external/py2-pygithub/1.23.0-fmblme/lib/python2.7/site-packages:/cvmfs/cms.cern.ch/slc6_amd64_gcc630/external/py2-pip/9.0.1-fmblme/lib/python2.7/site-packages:/cvmfs/cms.cern.ch/slc6_amd64_gcc630/external/py2-dablooms/0.9.1-fmblme/lib/python2.7/site-packages:/cvmfs/cms.cern.ch/slc6_amd64_gcc630/external/py2-pippkgs_depscipy/3.0-fmblme3/lib/python2.7/site-packages:/cvmfs/cms.cern.ch/slc6_amd64_gcc630/external/py2-pippkgs/6.0-fmblme/lib/python2.7/site-packages:/cvmfs/cms.cern.ch/slc6_amd64_gcc630/external/professor/1.4.0-fmblme3/lib/python2.7/site-packages:/cvmfs/cms.cern.ch/slc6_amd64_gcc630/cms/dbs-client/DBS_2_1_9-fmblme/lib:/cvmfs/cms.cern.ch/slc6_amd64_gcc630/cms/dbs-client/DBS_2_1_9-fmblme/lib/DBSAPI:/cvmfs/cms.cern.ch/slc6_amd64_gcc630/external/cvs2git/5419-fmblme/lib";
INFO: Creating new GBRLikelihoodTrain regression
INFO: init semi-parametric GBR regression electron_EE_ecal_satd_highpt
INFO: Prepare and run training for electron_EE_ecal_satd_highpt
      Running only EE
INFO: EventWeight = 1
INFO: Cuts for EE training = '(( genEnergy > 0 && full5x5_sigmaIetaIeta[0] > 0 && full5x5_sigmaIphiIphi[0] > 0 && eventNumber%4 == 0 ))&&(!isEB)'
INFO: MinEvents = 150
INFO: Shrinkage = 0.1
INFO: NTrees = 1500
INFO: MinSignificance = 5
INFO: train BDT for EE central value estimation
RooCFunction1Binding<double,double>::nllfunc[ function=(0x2b07296ac340) x=fullparmsum ] = 1.95273e+06
Minuit2Minimizer: Minimize with max-calls 2000 convergence for edm < 1 strategy 0
MnSeedGenerator: for initial parameters FCN = 1952734.831173
[#0] WARNING:Minization -- RooMinimizerFcn: Minimized function has error status.
Returning maximum FCN so far (2.72781e+06) to force MIGRAD to back out of this region. Error log follows
Parameter values: sigmeantvarEE=-0.608246, sign2varEE=-0.565936, signvarEE=-1.53089, sigwidthtvarEE=-1.28982

[#0] WARNING:Minization -- RooMinimizerFcn: Minimized function has error status.
Returning maximum FCN so far (2.72781e+06) to force MIGRAD to back out of this region. Error log follows
Parameter values: sigmeantvarEE=-0.608246, sign2varEE=-2.49584, signvarEE=-1.53089, sigwidthtvarEE=-1.28982

MnSeedGenerator: Initial state:   - FCN =   1952734.831173 Edm =  1.34028e+06 NCalls =     17
MnSeedGenerator: Negative G2 found - new state:   - FCN =   1950306.168625 Edm =  3.41438e+06 NCalls =     38
VariableMetric: start iterating until Edm is < 0.001
VariableMetric: Initial state   - FCN =   1950306.168625 Edm =  3.41438e+06 NCalls =     38
VariableMetric: Iteration #   0 - FCN =   1950306.168625 Edm =  3.41438e+06 NCalls =     38
VariableMetric: Iteration #   1 - FCN =   592890.2558757 Edm =      12059.2 NCalls =     58
VariableMetric: Iteration #   2 - FCN =   227675.9166669 Edm =      3512.34 NCalls =     82
VariableMetric: Iteration #   3 - FCN =   201968.4821271 Edm =      1107.04 NCalls =     94
VariableMetric: Iteration #   4 - FCN =   200269.6927482 Edm =      75.5278 NCalls =    106
VariableMetric: Iteration #   5 - FCN =   200160.9229451 Edm =      3.24878 NCalls =    116
VariableMetric: Iteration #   6 - FCN =   200133.7260273 Edm =      22.6692 NCalls =    132
VariableMetric: Iteration #   7 - FCN =   200087.1241927 Edm =      3.24017 NCalls =    142
VariableMetric: Iteration #   8 - FCN =   199825.8236692 Edm =      30.6445 NCalls =    159
VariableMetric: Iteration #   9 - FCN =   199790.1214172 Edm =     0.078694 NCalls =    171
VariableMetric: Iteration #  10 - FCN =   199790.0740378 Edm =    0.0242158 NCalls =    181
VariableMetric: Iteration #  11 - FCN =   199790.0454669 Edm =    0.0184755 NCalls =    191
VariableMetric: Iteration #  12 - FCN =   199789.3321327 Edm =     0.605092 NCalls =    204
VariableMetric: Iteration #  13 - FCN =   199778.7229293 Edm =     0.206838 NCalls =    219
VariableMetric: Iteration #  14 - FCN =   199778.4785475 Edm =   0.00400537 NCalls =    229
VariableMetric: Iteration #  15 - FCN =   199778.4735741 Edm =  5.93329e-05 NCalls =    239
Minuit2Minimizer : Valid minimum - status = 0
FVAL  = 199778.473574108561
Edm   = 5.93329125940833782e-05
Nfcn  = 239
sigmeantvarEE	  = 0.088846	 +/-  0.00098011
sign2varEE	  = -1.67803	 +/-  0.00157867
signvarEE	  = 7.82837	 +/-  0.507636
sigwidthtvarEE	  = 0.231262	 +/-  0.00225612
  1) RooRealVar:: sigwidthtvarEE = 0.231262 +/- 0.00225612
  2) RooRealVar::  sigmeantvarEE = 0.088846 +/- 0.00098011
  3) RooRealVar::      signvarEE = 7.82837 +/- 0.507636
  4) RooRealVar::     sign2varEE = -1.67803 +/- 0.00157867
[#1] INFO:ObjectHandling -- RooWorkspace::import(wereg_ee) importing RooDoubleCBFast::sigpdfEE
[#1] INFO:ObjectHandling -- RooWorkspace::import(wereg_ee) importing RooRealVar::targetvar
[#1] INFO:ObjectHandling -- RooWorkspace::import(wereg_ee) importing RooRealConstraint::sigmeanlimEE
[#1] INFO:ObjectHandling -- RooWorkspace::import(wereg_ee) importing RooGBRTargetFlex::sigmeantEE
[#1] INFO:ObjectHandling -- RooWorkspace::import(wereg_ee) importing RooGBRFunctionFlex::sigmeantfuncEE
[#1] INFO:ObjectHandling -- RooWorkspace::import(wereg_ee) importing RooRealVar::sigmeantvarEE
[#1] INFO:ObjectHandling -- RooWorkspace::import(wereg_ee) importing RooRealVar::var_0
[#1] INFO:ObjectHandling -- RooWorkspace::import(wereg_ee) importing RooRealVar::var_1
[#1] INFO:ObjectHandling -- RooWorkspace::import(wereg_ee) importing RooRealVar::var_2
[#1] INFO:ObjectHandling -- RooWorkspace::import(wereg_ee) importing RooRealVar::var_3
[#1] INFO:ObjectHandling -- RooWorkspace::import(wereg_ee) importing RooRealVar::var_4
[#1] INFO:ObjectHandling -- RooWorkspace::import(wereg_ee) importing RooRealVar::var_5
[#1] INFO:ObjectHandling -- RooWorkspace::import(wereg_ee) importing RooRealVar::var_6
[#1] INFO:ObjectHandling -- RooWorkspace::import(wereg_ee) importing RooRealVar::var_7
[#1] INFO:ObjectHandling -- RooWorkspace::import(wereg_ee) importing RooRealVar::var_8
[#1] INFO:ObjectHandling -- RooWorkspace::import(wereg_ee) importing RooRealVar::var_9
[#1] INFO:ObjectHandling -- RooWorkspace::import(wereg_ee) importing RooRealVar::var_10
[#1] INFO:ObjectHandling -- RooWorkspace::import(wereg_ee) importing RooRealVar::var_11
[#1] INFO:ObjectHandling -- RooWorkspace::import(wereg_ee) importing RooRealVar::var_12
[#1] INFO:ObjectHandling -- RooWorkspace::import(wereg_ee) importing RooRealVar::var_13
[#1] INFO:ObjectHandling -- RooWorkspace::import(wereg_ee) importing RooRealVar::var_14
[#1] INFO:ObjectHandling -- RooWorkspace::import(wereg_ee) importing RooRealConstraint::sigwidthlimEE
[#1] INFO:ObjectHandling -- RooWorkspace::import(wereg_ee) importing RooGBRTargetFlex::sigwidthtEE
[#1] INFO:ObjectHandling -- RooWorkspace::import(wereg_ee) importing RooGBRFunctionFlex::sigwidthtfuncEE
[#1] INFO:ObjectHandling -- RooWorkspace::import(wereg_ee) importing RooRealVar::sigwidthtvarEE
[#1] INFO:ObjectHandling -- RooWorkspace::import(wereg_ee) importing RooConstVar::2
[#1] INFO:ObjectHandling -- RooWorkspace::import(wereg_ee) importing RooRealConstraint::signlimEE
[#1] INFO:ObjectHandling -- RooWorkspace::import(wereg_ee) importing RooGBRTargetFlex::signtEE
[#1] INFO:ObjectHandling -- RooWorkspace::import(wereg_ee) importing RooGBRFunctionFlex::signfuncEE
[#1] INFO:ObjectHandling -- RooWorkspace::import(wereg_ee) importing RooRealVar::signvarEE
[#1] INFO:ObjectHandling -- RooWorkspace::import(wereg_ee) importing RooConstVar::1
[#1] INFO:ObjectHandling -- RooWorkspace::import(wereg_ee) importing RooRealConstraint::sign2limEE
[#1] INFO:ObjectHandling -- RooWorkspace::import(wereg_ee) importing RooGBRTargetFlex::sign2tEE
[#1] INFO:ObjectHandling -- RooWorkspace::import(wereg_ee) importing RooGBRFunctionFlex::sign2funcEE
[#1] INFO:ObjectHandling -- RooWorkspace::import(wereg_ee) importing RooRealVar::sign2varEE
INFO: RegressionManager::makeRegression(): Elapsed time = 34644 s
                                                        = 9 h 37 min
- Finish - All good -
Copying 24161355 bytes file:///var/condor/execute/dir_12952/electron_EE_ecal_satd_highpt_results.root => gsiftp://cms-lvs-gridftp.hep.wisc.edu:2811//hdfs/store/user/varuns/EgammaRegression/94X/output/electron_EE_ecal_satd_highpt_results.root
